INFO 15-07-2023 18:53:17 [engineio.server] >>> 4b0BOFKb-oB3O14CAAAf: Sending packet PING data None
INFO 15-07-2023 18:53:17 [engineio.server] >>> 4b0BOFKb-oB3O14CAAAf: Received packet PONG data 
INFO 15-07-2023 18:53:42 [engineio.server] >>> 4b0BOFKb-oB3O14CAAAf: Sending packet PING data None
INFO 15-07-2023 18:53:42 [engineio.server] >>> 4b0BOFKb-oB3O14CAAAf: Received packet PONG data 
INFO 15-07-2023 18:54:07 [engineio.server] >>> 4b0BOFKb-oB3O14CAAAf: Sending packet PING data None
INFO 15-07-2023 18:54:07 [engineio.server] >>> 4b0BOFKb-oB3O14CAAAf: Received packet PONG data 
INFO 15-07-2023 18:54:25 [engineio.server] >>> The WebSocket transport is not available, you must install a WebSocket server that is compatible with your async mode to enable it. See the documentation for details.
INFO 15-07-2023 18:54:25 [engineio.server] >>> KZ67IjSGsVQ-lGO0AAAi: Sending packet OPEN data {'sid': 'KZ67IjSGsVQ-lGO0AAAi', 'upgrades': [], 'pingTimeout': 20000, 'pingInterval': 25000}
INFO 15-07-2023 18:54:26 [engineio.server] >>> KZ67IjSGsVQ-lGO0AAAi: Received packet MESSAGE data 0
DEBUG 15-07-2023 18:54:26 [apps.websockets] >>> Соединение установлено
INFO 15-07-2023 18:54:26 [socketio.server] >>> emitting event "welcome" to PN43UOmwq_8h5H9oAAAj [/]
INFO 15-07-2023 18:54:26 [engineio.server] >>> KZ67IjSGsVQ-lGO0AAAi: Sending packet MESSAGE data 2["welcome",{"success":true,"description":"\u0421\u043e\u0435\u0434\u0438\u043d\u0435\u043d\u0438\u0435 \u0443\u0441\u0442\u0430\u043d\u043e\u0432\u043b\u0435\u043d\u043e"}]
INFO 15-07-2023 18:54:26 [engineio.server] >>> KZ67IjSGsVQ-lGO0AAAi: Sending packet MESSAGE data 0{"sid":"PN43UOmwq_8h5H9oAAAj"}
INFO 15-07-2023 18:54:29 [engineio.server] >>> KZ67IjSGsVQ-lGO0AAAi: Received packet MESSAGE data 2["get_rating",{"app_name":"samovar"}]
INFO 15-07-2023 18:54:29 [socketio.server] >>> received event "get_rating" from PN43UOmwq_8h5H9oAAAj [/]
DEBUG 15-07-2023 18:54:29 [apps.websockets] >>> Вызвана функция 'handle_ws_get_rating'
DEBUG 15-07-2023 18:54:29 [apps.websockets] >>> Получены данные: {'app_name': 'samovar'}
DEBUG 15-07-2023 18:54:29 [apps.functions] >>> Вызвана функция 'get_app_rating'
DEBUG 15-07-2023 18:54:29 [apps.functions] >>> Версия приложения не установлена или установлена в latest
DEBUG 15-07-2023 18:54:29 [apps.functions] >>> В БД была найдена 1.0.2 версия приложения samovar
DEBUG 15-07-2023 18:54:29 [apps.functions] >>> Успешная обработка данных завершена.
DEBUG 15-07-2023 18:54:29 [apps.websockets] >>> Отправляемые данные: {'app_name': 'samovar', 'rating': 6, 'voted': 4, 'version': '1.0.2'}
INFO 15-07-2023 18:54:29 [socketio.server] >>> emitting event "get_rating_response" to all [/]
INFO 15-07-2023 18:54:29 [engineio.server] >>> 4b0BOFKb-oB3O14CAAAf: Sending packet MESSAGE data 2["get_rating_response",{"app_name":"samovar","rating":6,"voted":4,"version":"1.0.2"}]
INFO 15-07-2023 18:54:29 [engineio.server] >>> KZ67IjSGsVQ-lGO0AAAi: Sending packet MESSAGE data 2["get_rating_response",{"app_name":"samovar","rating":6,"voted":4,"version":"1.0.2"}]
INFO 15-07-2023 18:54:32 [engineio.server] >>> 4b0BOFKb-oB3O14CAAAf: Sending packet PING data None
INFO 15-07-2023 18:54:33 [engineio.server] >>> KZ67IjSGsVQ-lGO0AAAi: Received packet MESSAGE data 2["reviews_list",{"app_name":"samovar"}]
INFO 15-07-2023 18:54:33 [socketio.server] >>> received event "reviews_list" from PN43UOmwq_8h5H9oAAAj [/]
DEBUG 15-07-2023 18:54:33 [apps.websockets] >>> Вызвана функция 'handle_ws_reviews_list'
DEBUG 15-07-2023 18:54:33 [apps.websockets] >>> Получены данные: {'app_name': 'samovar'}
DEBUG 15-07-2023 18:54:33 [apps.functions] >>> Вызвана функция 'get_review_list'
DEBUG 15-07-2023 18:54:33 [apps.functions] >>> Версия приложения не установлена или установлена в latest
DEBUG 15-07-2023 18:54:33 [apps.functions] >>> В БД была найдена 1.0.2 версия приложения samovar
DEBUG 15-07-2023 18:54:33 [apps.functions] >>> Формирование списка отзывов успешно завершено.
DEBUG 15-07-2023 18:54:33 [apps.websockets] >>> Отправляемые данные: {'app_name': 'samovar', 'version': '1.0.2', 'review_list': [{'name': 'Bob', 'email': 'test@email.cc', 'review': 'Тестовый отзыв: программа отличная так держать!', 'rating': 9, 'date': '13-07-2023 09:41:41'}, {'name': 'Bob', 'email': 'test@email.cc', 'review': 'Тестовый отзыв: программа отличная так держать!', 'rating': 5, 'date': '13-07-2023 09:41:49'}, {'name': 'Bob', 'email': 'test@email.cc', 'review': 'Тестовый отзыв: программа отличная так держать!', 'rating': 5, 'date': '13-07-2023 12:20:04'}, {'name': 'Bob', 'email': 'test@email.cc', 'review': 'Тестовый отзыв: программа отличная так держать!', 'rating': 5, 'date': '15-07-2023 15:50:49'}]}
INFO 15-07-2023 18:54:33 [socketio.server] >>> emitting event "reviews_list_response" to all [/]
INFO 15-07-2023 18:54:33 [engineio.server] >>> 4b0BOFKb-oB3O14CAAAf: Sending packet MESSAGE data 2["reviews_list_response",{"app_name":"samovar","version":"1.0.2","review_list":[{"name":"Bob","email":"test@email.cc","review":"\u0422\u0435\u0441\u0442\u043e\u0432\u044b\u0439 \u043e\u0442\u0437\u044b\u0432: \u043f\u0440\u043e\u0433\u0440\u0430\u043c\u043c\u0430 \u043e\u0442\u043b\u0438\u0447\u043d\u0430\u044f \u0442\u0430\u043a \u0434\u0435\u0440\u0436\u0430\u0442\u044c!","rating":9,"date":"13-07-2023 09:41:41"},{"name":"Bob","email":"test@email.cc","review":"\u0422\u0435\u0441\u0442\u043e\u0432\u044b\u0439 \u043e\u0442\u0437\u044b\u0432: \u043f\u0440\u043e\u0433\u0440\u0430\u043c\u043c\u0430 \u043e\u0442\u043b\u0438\u0447\u043d\u0430\u044f \u0442\u0430\u043a \u0434\u0435\u0440\u0436\u0430\u0442\u044c!","rating":5,"date":"13-07-2023 09:41:49"},{"name":"Bob","email":"test@email.cc","review":"\u0422\u0435\u0441\u0442\u043e\u0432\u044b\u0439 \u043e\u0442\u0437\u044b\u0432: \u043f\u0440\u043e\u0433\u0440\u0430\u043c\u043c\u0430 \u043e\u0442\u043b\u0438\u0447\u043d\u0430\u044f \u0442\u0430\u043a \u0434\u0435\u0440\u0436\u0430\u0442\u044c!","rating":5,"date":"13-07-2023 12:20:04"},{"name":"Bob","email":"test@email.cc","review":"\u0422\u0435\u0441\u0442\u043e\u0432\u044b\u0439 \u043e\u0442\u0437\u044b\u0432: \u043f\u0440\u043e\u0433\u0440\u0430\u043c\u043c\u0430 \u043e\u0442\u043b\u0438\u0447\u043d\u0430\u044f \u0442\u0430\u043a \u0434\u0435\u0440\u0436\u0430\u0442\u044c!","rating":5,"date":"15-07-2023 15:50:49"}]}]
INFO 15-07-2023 18:54:33 [engineio.server] >>> KZ67IjSGsVQ-lGO0AAAi: Sending packet MESSAGE data 2["reviews_list_response",{"app_name":"samovar","version":"1.0.2","review_list":[{"name":"Bob","email":"test@email.cc","review":"\u0422\u0435\u0441\u0442\u043e\u0432\u044b\u0439 \u043e\u0442\u0437\u044b\u0432: \u043f\u0440\u043e\u0433\u0440\u0430\u043c\u043c\u0430 \u043e\u0442\u043b\u0438\u0447\u043d\u0430\u044f \u0442\u0430\u043a \u0434\u0435\u0440\u0436\u0430\u0442\u044c!","rating":9,"date":"13-07-2023 09:41:41"},{"name":"Bob","email":"test@email.cc","review":"\u0422\u0435\u0441\u0442\u043e\u0432\u044b\u0439 \u043e\u0442\u0437\u044b\u0432: \u043f\u0440\u043e\u0433\u0440\u0430\u043c\u043c\u0430 \u043e\u0442\u043b\u0438\u0447\u043d\u0430\u044f \u0442\u0430\u043a \u0434\u0435\u0440\u0436\u0430\u0442\u044c!","rating":5,"date":"13-07-2023 09:41:49"},{"name":"Bob","email":"test@email.cc","review":"\u0422\u0435\u0441\u0442\u043e\u0432\u044b\u0439 \u043e\u0442\u0437\u044b\u0432: \u043f\u0440\u043e\u0433\u0440\u0430\u043c\u043c\u0430 \u043e\u0442\u043b\u0438\u0447\u043d\u0430\u044f \u0442\u0430\u043a \u0434\u0435\u0440\u0436\u0430\u0442\u044c!","rating":5,"date":"13-07-2023 12:20:04"},{"name":"Bob","email":"test@email.cc","review":"\u0422\u0435\u0441\u0442\u043e\u0432\u044b\u0439 \u043e\u0442\u0437\u044b\u0432: \u043f\u0440\u043e\u0433\u0440\u0430\u043c\u043c\u0430 \u043e\u0442\u043b\u0438\u0447\u043d\u0430\u044f \u0442\u0430\u043a \u0434\u0435\u0440\u0436\u0430\u0442\u044c!","rating":5,"date":"15-07-2023 15:50:49"}]}]
DEBUG 15-07-2023 18:54:41 [apps.functions] >>> Вызвана функция 'get_app_rating'
DEBUG 15-07-2023 18:54:41 [apps.functions] >>> Версия приложения не установлена или установлена в latest
DEBUG 15-07-2023 18:54:41 [apps.functions] >>> В БД была найдена 1.4 версия приложения kvas
DEBUG 15-07-2023 18:54:41 [apps.functions] >>> Успешная обработка данных завершена.
INFO 15-07-2023 18:54:50 [engineio.server] >>> KZ67IjSGsVQ-lGO0AAAi: Sending packet PING data None
INFO 15-07-2023 18:54:51 [engineio.server] >>> KZ67IjSGsVQ-lGO0AAAi: Received packet PONG data 
INFO 15-07-2023 18:55:09 [engineio.server] >>> 4b0BOFKb-oB3O14CAAAf: Client is gone, closing socket
DEBUG 15-07-2023 18:55:09 [apps.websockets] >>> Соединение разорвано.
INFO 15-07-2023 18:55:09 [socketio.server] >>> emitting event "welcome" to PTe4ty0o9Kpb2x7pAAAg [/]
INFO 15-07-2023 18:55:09 [engineio.server] >>> 4b0BOFKb-oB3O14CAAAf: Client is gone, closing socket
INFO 15-07-2023 18:55:09 [engineio.server] >>> 4b0BOFKb-oB3O14CAAAf: Client is gone, closing socket
INFO 15-07-2023 18:55:16 [engineio.server] >>> KZ67IjSGsVQ-lGO0AAAi: Sending packet PING data None
INFO 15-07-2023 18:55:16 [engineio.server] >>> KZ67IjSGsVQ-lGO0AAAi: Received packet PONG data 
INFO 15-07-2023 18:55:41 [engineio.server] >>> KZ67IjSGsVQ-lGO0AAAi: Sending packet PING data None
INFO 15-07-2023 18:55:41 [engineio.server] >>> KZ67IjSGsVQ-lGO0AAAi: Received packet PONG data 
INFO 15-07-2023 18:56:06 [engineio.server] >>> KZ67IjSGsVQ-lGO0AAAi: Sending packet PING data None
INFO 15-07-2023 18:56:06 [engineio.server] >>> KZ67IjSGsVQ-lGO0AAAi: Received packet PONG data 
